<?xml version="1.0" encoding="UTF-8"?>
<testsuite xmlns:xsi="http://www.w3.org/2001/XMLSchema-instance" xsi:noNamespaceSchemaLocation="https://maven.apache.org/surefire/maven-surefire-plugin/xsd/surefire-test-report-3.0.xsd" version="3.0" name="com.shawood.AppTest" time="0.015" tests="1" errors="0" skipped="0" failures="0">
  <properties>
    <property name="java.specification.version" value="17"/>
    <property name="sun.cpu.isalist" value="amd64"/>
    <property name="sun.jnu.encoding" value="GBK"/>
    <property name="java.class.path" value="D:\code\github\flink\mysql2hive\target\test-classes;D:\code\github\flink\mysql2hive\target\classes;C:\Users\shawood\.m2\repository\org\apache\flink\flink-table-api-java-bridge_2.12\1.13.1\flink-table-api-java-bridge_2.12-1.13.1.jar;C:\Users\shawood\.m2\repository\org\apache\flink\flink-table-api-java\1.13.1\flink-table-api-java-1.13.1.jar;C:\Users\shawood\.m2\repository\org\apache\flink\flink-table-common\1.13.1\flink-table-common-1.13.1.jar;C:\Users\shawood\.m2\repository\org\apache\flink\flink-connector-files\1.13.1\flink-connector-files-1.13.1.jar;C:\Users\shawood\.m2\repository\org\apache\flink\flink-connector-base\1.13.1\flink-connector-base-1.13.1.jar;C:\Users\shawood\.m2\repository\org\apache\flink\flink-java\1.13.1\flink-java-1.13.1.jar;C:\Users\shawood\.m2\repository\org\apache\commons\commons-math3\3.5\commons-math3-3.5.jar;C:\Users\shawood\.m2\repository\org\apache\flink\flink-streaming-java_2.12\1.13.1\flink-streaming-java_2.12-1.13.1.jar;C:\Users\shawood\.m2\repository\org\apache\flink\flink-file-sink-common\1.13.1\flink-file-sink-common-1.13.1.jar;C:\Users\shawood\.m2\repository\org\slf4j\slf4j-api\1.7.15\slf4j-api-1.7.15.jar;C:\Users\shawood\.m2\repository\com\google\code\findbugs\jsr305\1.3.9\jsr305-1.3.9.jar;C:\Users\shawood\.m2\repository\org\apache\flink\force-shading\1.13.1\force-shading-1.13.1.jar;C:\Users\shawood\.m2\repository\org\apache\flink\flink-clients_2.12\1.13.1\flink-clients_2.12-1.13.1.jar;C:\Users\shawood\.m2\repository\org\apache\flink\flink-core\1.13.1\flink-core-1.13.1.jar;C:\Users\shawood\.m2\repository\org\apache\flink\flink-annotations\1.13.1\flink-annotations-1.13.1.jar;C:\Users\shawood\.m2\repository\org\apache\flink\flink-metrics-core\1.13.1\flink-metrics-core-1.13.1.jar;C:\Users\shawood\.m2\repository\org\apache\flink\flink-shaded-asm-7\7.1-13.0\flink-shaded-asm-7-7.1-13.0.jar;C:\Users\shawood\.m2\repository\com\esotericsoftware\kryo\kryo\2.24.0\kryo-2.24.0.jar;C:\Users\shawood\.m2\repository\com\esotericsoftware\minlog\minlog\1.2\minlog-1.2.jar;C:\Users\shawood\.m2\repository\org\objenesis\objenesis\2.1\objenesis-2.1.jar;C:\Users\shawood\.m2\repository\commons-collections\commons-collections\3.2.2\commons-collections-3.2.2.jar;C:\Users\shawood\.m2\repository\org\apache\commons\commons-compress\1.20\commons-compress-1.20.jar;C:\Users\shawood\.m2\repository\org\apache\flink\flink-runtime_2.12\1.13.1\flink-runtime_2.12-1.13.1.jar;C:\Users\shawood\.m2\repository\org\apache\flink\flink-queryable-state-client-java\1.13.1\flink-queryable-state-client-java-1.13.1.jar;C:\Users\shawood\.m2\repository\org\apache\flink\flink-hadoop-fs\1.13.1\flink-hadoop-fs-1.13.1.jar;C:\Users\shawood\.m2\repository\commons-io\commons-io\2.7\commons-io-2.7.jar;C:\Users\shawood\.m2\repository\org\apache\flink\flink-shaded-netty\4.1.49.Final-13.0\flink-shaded-netty-4.1.49.Final-13.0.jar;C:\Users\shawood\.m2\repository\org\apache\flink\flink-shaded-jackson\2.12.1-13.0\flink-shaded-jackson-2.12.1-13.0.jar;C:\Users\shawood\.m2\repository\org\apache\flink\flink-shaded-zookeeper-3\3.4.14-13.0\flink-shaded-zookeeper-3-3.4.14-13.0.jar;C:\Users\shawood\.m2\repository\org\javassist\javassist\3.24.0-GA\javassist-3.24.0-GA.jar;C:\Users\shawood\.m2\repository\org\scala-lang\scala-library\2.12.7\scala-library-2.12.7.jar;C:\Users\shawood\.m2\repository\com\typesafe\akka\akka-actor_2.12\2.5.21\akka-actor_2.12-2.5.21.jar;C:\Users\shawood\.m2\repository\com\typesafe\config\1.3.3\config-1.3.3.jar;C:\Users\shawood\.m2\repository\org\scala-lang\modules\scala-java8-compat_2.12\0.8.0\scala-java8-compat_2.12-0.8.0.jar;C:\Users\shawood\.m2\repository\com\typesafe\akka\akka-stream_2.12\2.5.21\akka-stream_2.12-2.5.21.jar;C:\Users\shawood\.m2\repository\org\reactivestreams\reactive-streams\1.0.2\reactive-streams-1.0.2.jar;C:\Users\shawood\.m2\repository\com\typesafe\ssl-config-core_2.12\0.3.7\ssl-config-core_2.12-0.3.7.jar;C:\Users\shawood\.m2\repository\org\scala-lang\modules\scala-parser-combinators_2.12\1.1.1\scala-parser-combinators_2.12-1.1.1.jar;C:\Users\shawood\.m2\repository\com\typesafe\akka\akka-protobuf_2.12\2.5.21\akka-protobuf_2.12-2.5.21.jar;C:\Users\shawood\.m2\repository\com\typesafe\akka\akka-slf4j_2.12\2.5.21\akka-slf4j_2.12-2.5.21.jar;C:\Users\shawood\.m2\repository\org\clapper\grizzled-slf4j_2.12\1.3.2\grizzled-slf4j_2.12-1.3.2.jar;C:\Users\shawood\.m2\repository\com\github\scopt\scopt_2.12\3.5.0\scopt_2.12-3.5.0.jar;C:\Users\shawood\.m2\repository\org\xerial\snappy\snappy-java\1.1.8.3\snappy-java-1.1.8.3.jar;C:\Users\shawood\.m2\repository\com\twitter\chill_2.12\0.7.6\chill_2.12-0.7.6.jar;C:\Users\shawood\.m2\repository\com\twitter\chill-java\0.7.6\chill-java-0.7.6.jar;C:\Users\shawood\.m2\repository\org\lz4\lz4-java\1.6.0\lz4-java-1.6.0.jar;C:\Users\shawood\.m2\repository\org\apache\flink\flink-optimizer_2.12\1.13.1\flink-optimizer_2.12-1.13.1.jar;C:\Users\shawood\.m2\repository\commons-cli\commons-cli\1.3.1\commons-cli-1.3.1.jar;C:\Users\shawood\.m2\repository\org\apache\flink\flink-connector-mysql-cdc\3.1.1\flink-connector-mysql-cdc-3.1.1.jar;C:\Users\shawood\.m2\repository\org\apache\flink\flink-connector-debezium\3.1.1\flink-connector-debezium-3.1.1.jar;C:\Users\shawood\.m2\repository\io\debezium\debezium-api\1.9.8.Final\debezium-api-1.9.8.Final.jar;C:\Users\shawood\.m2\repository\io\debezium\debezium-embedded\1.9.8.Final\debezium-embedded-1.9.8.Final.jar;C:\Users\shawood\.m2\repository\org\apache\kafka\connect-api\3.2.0\connect-api-3.2.0.jar;C:\Users\shawood\.m2\repository\org\apache\kafka\kafka-clients\3.2.0\kafka-clients-3.2.0.jar;C:\Users\shawood\.m2\repository\javax\ws\rs\javax.ws.rs-api\2.1.1\javax.ws.rs-api-2.1.1.jar;C:\Users\shawood\.m2\repository\org\apache\kafka\connect-runtime\3.2.0\connect-runtime-3.2.0.jar;C:\Users\shawood\.m2\repository\org\apache\kafka\connect-transforms\3.2.0\connect-transforms-3.2.0.jar;C:\Users\shawood\.m2\repository\org\apache\kafka\kafka-tools\3.2.0\kafka-tools-3.2.0.jar;C:\Users\shawood\.m2\repository\net\sourceforge\argparse4j\argparse4j\0.7.0\argparse4j-0.7.0.jar;C:\Users\shawood\.m2\repository\ch\qos\reload4j\reload4j\1.2.19\reload4j-1.2.19.jar;C:\Users\shawood\.m2\repository\org\bitbucket\b_c\jose4j\0.7.9\jose4j-0.7.9.jar;C:\Users\shawood\.m2\repository\com\fasterxml\jackson\core\jackson-annotations\2.12.6\jackson-annotations-2.12.6.jar;C:\Users\shawood\.m2\repository\com\fasterxml\jackson\jaxrs\jackson-jaxrs-json-provider\2.12.6\jackson-jaxrs-json-provider-2.12.6.jar;C:\Users\shawood\.m2\repository\com\fasterxml\jackson\jaxrs\jackson-jaxrs-base\2.12.6\jackson-jaxrs-base-2.12.6.jar;C:\Users\shawood\.m2\repository\com\fasterxml\jackson\module\jackson-module-jaxb-annotations\2.12.6\jackson-module-jaxb-annotations-2.12.6.jar;C:\Users\shawood\.m2\repository\jakarta\xml\bind\jakarta.xml.bind-api\2.3.2\jakarta.xml.bind-api-2.3.2.jar;C:\Users\shawood\.m2\repository\jakarta\activation\jakarta.activation-api\1.2.1\jakarta.activation-api-1.2.1.jar;C:\Users\shawood\.m2\repository\org\glassfish\jersey\containers\jersey-container-servlet\2.34\jersey-container-servlet-2.34.jar;C:\Users\shawood\.m2\repository\org\glassfish\jersey\containers\jersey-container-servlet-core\2.34\jersey-container-servlet-core-2.34.jar;C:\Users\shawood\.m2\repository\org\glassfish\hk2\external\jakarta.inject\2.6.1\jakarta.inject-2.6.1.jar;C:\Users\shawood\.m2\repository\jakarta\ws\rs\jakarta.ws.rs-api\2.1.6\jakarta.ws.rs-api-2.1.6.jar;C:\Users\shawood\.m2\repository\org\glassfish\jersey\inject\jersey-hk2\2.34\jersey-hk2-2.34.jar;C:\Users\shawood\.m2\repository\org\glassfish\hk2\hk2-locator\2.6.1\hk2-locator-2.6.1.jar;C:\Users\shawood\.m2\repository\org\glassfish\hk2\external\aopalliance-repackaged\2.6.1\aopalliance-repackaged-2.6.1.jar;C:\Users\shawood\.m2\repository\org\glassfish\hk2\hk2-api\2.6.1\hk2-api-2.6.1.jar;C:\Users\shawood\.m2\repository\org\glassfish\hk2\hk2-utils\2.6.1\hk2-utils-2.6.1.jar;C:\Users\shawood\.m2\repository\javax\xml\bind\jaxb-api\2.3.0\jaxb-api-2.3.0.jar;C:\Users\shawood\.m2\repository\javax\activation\activation\1.1.1\activation-1.1.1.jar;C:\Users\shawood\.m2\repository\org\eclipse\jetty\jetty-server\9.4.44.v20210927\jetty-server-9.4.44.v20210927.jar;C:\Users\shawood\.m2\repository\javax\servlet\javax.servlet-api\3.1.0\javax.servlet-api-3.1.0.jar;C:\Users\shawood\.m2\repository\org\eclipse\jetty\jetty-http\9.4.44.v20210927\jetty-http-9.4.44.v20210927.jar;C:\Users\shawood\.m2\repository\org\eclipse\jetty\jetty-io\9.4.44.v20210927\jetty-io-9.4.44.v20210927.jar;C:\Users\shawood\.m2\repository\org\eclipse\jetty\jetty-servlet\9.4.44.v20210927\jetty-servlet-9.4.44.v20210927.jar;C:\Users\shawood\.m2\repository\org\eclipse\jetty\jetty-security\9.4.44.v20210927\jetty-security-9.4.44.v20210927.jar;C:\Users\shawood\.m2\repository\org\eclipse\jetty\jetty-util-ajax\9.4.44.v20210927\jetty-util-ajax-9.4.44.v20210927.jar;C:\Users\shawood\.m2\repository\org\eclipse\jetty\jetty-servlets\9.4.44.v20210927\jetty-servlets-9.4.44.v20210927.jar;C:\Users\shawood\.m2\repository\org\eclipse\jetty\jetty-continuation\9.4.44.v20210927\jetty-continuation-9.4.44.v20210927.jar;C:\Users\shawood\.m2\repository\org\eclipse\jetty\jetty-util\9.4.44.v20210927\jetty-util-9.4.44.v20210927.jar;C:\Users\shawood\.m2\repository\org\eclipse\jetty\jetty-client\9.4.44.v20210927\jetty-client-9.4.44.v20210927.jar;C:\Users\shawood\.m2\repository\org\reflections\reflections\0.9.12\reflections-0.9.12.jar;C:\Users\shawood\.m2\repository\org\apache\maven\maven-artifact\3.8.4\maven-artifact-3.8.4.jar;C:\Users\shawood\.m2\repository\org\codehaus\plexus\plexus-utils\3.3.0\plexus-utils-3.3.0.jar;C:\Users\shawood\.m2\repository\org\apache\kafka\connect-json\3.2.0\connect-json-3.2.0.jar;C:\Users\shawood\.m2\repository\com\fasterxml\jackson\datatype\jackson-datatype-jdk8\2.12.6\jackson-datatype-jdk8-2.12.6.jar;C:\Users\shawood\.m2\repository\org\apache\kafka\connect-file\3.2.0\connect-file-3.2.0.jar;C:\Users\shawood\.m2\repository\io\debezium\debezium-connector-mysql\1.9.8.Final\debezium-connector-mysql-1.9.8.Final.jar;C:\Users\shawood\.m2\repository\io\debezium\debezium-core\1.9.8.Final\debezium-core-1.9.8.Final.jar;C:\Users\shawood\.m2\repository\com\fasterxml\jackson\core\jackson-core\2.13.2\jackson-core-2.13.2.jar;C:\Users\shawood\.m2\repository\com\fasterxml\jackson\core\jackson-databind\2.13.2.2\jackson-databind-2.13.2.2.jar;C:\Users\shawood\.m2\repository\com\fasterxml\jackson\datatype\jackson-datatype-jsr310\2.13.2\jackson-datatype-jsr310-2.13.2.jar;C:\Users\shawood\.m2\repository\com\google\guava\guava\30.1.1-jre\guava-30.1.1-jre.jar;C:\Users\shawood\.m2\repository\com\google\guava\failureaccess\1.0.1\failureaccess-1.0.1.jar;C:\Users\shawood\.m2\repository\com\google\guava\listenablefuture\9999.0-empty-to-avoid-conflict-with-guava\listenablefuture-9999.0-empty-to-avoid-conflict-with-guava.jar;C:\Users\shawood\.m2\repository\io\debezium\debezium-ddl-parser\1.9.8.Final\debezium-ddl-parser-1.9.8.Final.jar;C:\Users\shawood\.m2\repository\org\antlr\antlr4-runtime\4.8\antlr4-runtime-4.8.jar;C:\Users\shawood\.m2\repository\com\zendesk\mysql-binlog-connector-java\0.27.2\mysql-binlog-connector-java-0.27.2.jar;C:\Users\shawood\.m2\repository\com\github\luben\zstd-jni\1.5.0-2\zstd-jni-1.5.0-2.jar;C:\Users\shawood\.m2\repository\mysql\mysql-connector-java\8.0.28\mysql-connector-java-8.0.28.jar;C:\Users\shawood\.m2\repository\org\apache\flink\flink-cdc-common\3.1.1\flink-cdc-common-3.1.1.jar;C:\Users\shawood\.m2\repository\com\esri\geometry\esri-geometry-api\2.2.0\esri-geometry-api-2.2.0.jar;C:\Users\shawood\.m2\repository\com\zaxxer\HikariCP\4.0.3\HikariCP-4.0.3.jar;C:\Users\shawood\.m2\repository\org\apache\commons\commons-lang3\3.12.0\commons-lang3-3.12.0.jar;C:\Users\shawood\.m2\repository\org\apache\flink\flink-cdc-runtime\3.1.1\flink-cdc-runtime-3.1.1.jar;C:\Users\shawood\.m2\repository\org\apache\flink\flink-shaded-guava\31.1-jre-17.0\flink-shaded-guava-31.1-jre-17.0.jar;C:\Users\shawood\.m2\repository\junit\junit\3.8.1\junit-3.8.1.jar;"/>
    <property name="java.vm.vendor" value="Oracle Corporation"/>
    <property name="sun.arch.data.model" value="64"/>
    <property name="user.variant" value=""/>
    <property name="java.vendor.url" value="https://java.oracle.com/"/>
    <property name="user.timezone" value="Asia/Shanghai"/>
    <property name="os.name" value="Windows 11"/>
    <property name="java.vm.specification.version" value="17"/>
    <property name="sun.java.launcher" value="SUN_STANDARD"/>
    <property name="user.country" value="CN"/>
    <property name="sun.boot.library.path" value="D:\programs\JAVA\JDK17\bin"/>
    <property name="sun.java.command" value="C:\Users\shawood\AppData\Local\Temp\surefire12248326964223362974\surefirebooter-20240726173935923_3.jar C:\Users\shawood\AppData\Local\Temp\surefire12248326964223362974 2024-07-26T17-39-33_034-jvmRun1 surefire-20240726173935923_1tmp surefire_0-20240726173935923_2tmp"/>
    <property name="jdk.debug" value="release"/>
    <property name="surefire.test.class.path" value="D:\code\github\flink\mysql2hive\target\test-classes;D:\code\github\flink\mysql2hive\target\classes;C:\Users\shawood\.m2\repository\org\apache\flink\flink-table-api-java-bridge_2.12\1.13.1\flink-table-api-java-bridge_2.12-1.13.1.jar;C:\Users\shawood\.m2\repository\org\apache\flink\flink-table-api-java\1.13.1\flink-table-api-java-1.13.1.jar;C:\Users\shawood\.m2\repository\org\apache\flink\flink-table-common\1.13.1\flink-table-common-1.13.1.jar;C:\Users\shawood\.m2\repository\org\apache\flink\flink-connector-files\1.13.1\flink-connector-files-1.13.1.jar;C:\Users\shawood\.m2\repository\org\apache\flink\flink-connector-base\1.13.1\flink-connector-base-1.13.1.jar;C:\Users\shawood\.m2\repository\org\apache\flink\flink-java\1.13.1\flink-java-1.13.1.jar;C:\Users\shawood\.m2\repository\org\apache\commons\commons-math3\3.5\commons-math3-3.5.jar;C:\Users\shawood\.m2\repository\org\apache\flink\flink-streaming-java_2.12\1.13.1\flink-streaming-java_2.12-1.13.1.jar;C:\Users\shawood\.m2\repository\org\apache\flink\flink-file-sink-common\1.13.1\flink-file-sink-common-1.13.1.jar;C:\Users\shawood\.m2\repository\org\slf4j\slf4j-api\1.7.15\slf4j-api-1.7.15.jar;C:\Users\shawood\.m2\repository\com\google\code\findbugs\jsr305\1.3.9\jsr305-1.3.9.jar;C:\Users\shawood\.m2\repository\org\apache\flink\force-shading\1.13.1\force-shading-1.13.1.jar;C:\Users\shawood\.m2\repository\org\apache\flink\flink-clients_2.12\1.13.1\flink-clients_2.12-1.13.1.jar;C:\Users\shawood\.m2\repository\org\apache\flink\flink-core\1.13.1\flink-core-1.13.1.jar;C:\Users\shawood\.m2\repository\org\apache\flink\flink-annotations\1.13.1\flink-annotations-1.13.1.jar;C:\Users\shawood\.m2\repository\org\apache\flink\flink-metrics-core\1.13.1\flink-metrics-core-1.13.1.jar;C:\Users\shawood\.m2\repository\org\apache\flink\flink-shaded-asm-7\7.1-13.0\flink-shaded-asm-7-7.1-13.0.jar;C:\Users\shawood\.m2\repository\com\esotericsoftware\kryo\kryo\2.24.0\kryo-2.24.0.jar;C:\Users\shawood\.m2\repository\com\esotericsoftware\minlog\minlog\1.2\minlog-1.2.jar;C:\Users\shawood\.m2\repository\org\objenesis\objenesis\2.1\objenesis-2.1.jar;C:\Users\shawood\.m2\repository\commons-collections\commons-collections\3.2.2\commons-collections-3.2.2.jar;C:\Users\shawood\.m2\repository\org\apache\commons\commons-compress\1.20\commons-compress-1.20.jar;C:\Users\shawood\.m2\repository\org\apache\flink\flink-runtime_2.12\1.13.1\flink-runtime_2.12-1.13.1.jar;C:\Users\shawood\.m2\repository\org\apache\flink\flink-queryable-state-client-java\1.13.1\flink-queryable-state-client-java-1.13.1.jar;C:\Users\shawood\.m2\repository\org\apache\flink\flink-hadoop-fs\1.13.1\flink-hadoop-fs-1.13.1.jar;C:\Users\shawood\.m2\repository\commons-io\commons-io\2.7\commons-io-2.7.jar;C:\Users\shawood\.m2\repository\org\apache\flink\flink-shaded-netty\4.1.49.Final-13.0\flink-shaded-netty-4.1.49.Final-13.0.jar;C:\Users\shawood\.m2\repository\org\apache\flink\flink-shaded-jackson\2.12.1-13.0\flink-shaded-jackson-2.12.1-13.0.jar;C:\Users\shawood\.m2\repository\org\apache\flink\flink-shaded-zookeeper-3\3.4.14-13.0\flink-shaded-zookeeper-3-3.4.14-13.0.jar;C:\Users\shawood\.m2\repository\org\javassist\javassist\3.24.0-GA\javassist-3.24.0-GA.jar;C:\Users\shawood\.m2\repository\org\scala-lang\scala-library\2.12.7\scala-library-2.12.7.jar;C:\Users\shawood\.m2\repository\com\typesafe\akka\akka-actor_2.12\2.5.21\akka-actor_2.12-2.5.21.jar;C:\Users\shawood\.m2\repository\com\typesafe\config\1.3.3\config-1.3.3.jar;C:\Users\shawood\.m2\repository\org\scala-lang\modules\scala-java8-compat_2.12\0.8.0\scala-java8-compat_2.12-0.8.0.jar;C:\Users\shawood\.m2\repository\com\typesafe\akka\akka-stream_2.12\2.5.21\akka-stream_2.12-2.5.21.jar;C:\Users\shawood\.m2\repository\org\reactivestreams\reactive-streams\1.0.2\reactive-streams-1.0.2.jar;C:\Users\shawood\.m2\repository\com\typesafe\ssl-config-core_2.12\0.3.7\ssl-config-core_2.12-0.3.7.jar;C:\Users\shawood\.m2\repository\org\scala-lang\modules\scala-parser-combinators_2.12\1.1.1\scala-parser-combinators_2.12-1.1.1.jar;C:\Users\shawood\.m2\repository\com\typesafe\akka\akka-protobuf_2.12\2.5.21\akka-protobuf_2.12-2.5.21.jar;C:\Users\shawood\.m2\repository\com\typesafe\akka\akka-slf4j_2.12\2.5.21\akka-slf4j_2.12-2.5.21.jar;C:\Users\shawood\.m2\repository\org\clapper\grizzled-slf4j_2.12\1.3.2\grizzled-slf4j_2.12-1.3.2.jar;C:\Users\shawood\.m2\repository\com\github\scopt\scopt_2.12\3.5.0\scopt_2.12-3.5.0.jar;C:\Users\shawood\.m2\repository\org\xerial\snappy\snappy-java\1.1.8.3\snappy-java-1.1.8.3.jar;C:\Users\shawood\.m2\repository\com\twitter\chill_2.12\0.7.6\chill_2.12-0.7.6.jar;C:\Users\shawood\.m2\repository\com\twitter\chill-java\0.7.6\chill-java-0.7.6.jar;C:\Users\shawood\.m2\repository\org\lz4\lz4-java\1.6.0\lz4-java-1.6.0.jar;C:\Users\shawood\.m2\repository\org\apache\flink\flink-optimizer_2.12\1.13.1\flink-optimizer_2.12-1.13.1.jar;C:\Users\shawood\.m2\repository\commons-cli\commons-cli\1.3.1\commons-cli-1.3.1.jar;C:\Users\shawood\.m2\repository\org\apache\flink\flink-connector-mysql-cdc\3.1.1\flink-connector-mysql-cdc-3.1.1.jar;C:\Users\shawood\.m2\repository\org\apache\flink\flink-connector-debezium\3.1.1\flink-connector-debezium-3.1.1.jar;C:\Users\shawood\.m2\repository\io\debezium\debezium-api\1.9.8.Final\debezium-api-1.9.8.Final.jar;C:\Users\shawood\.m2\repository\io\debezium\debezium-embedded\1.9.8.Final\debezium-embedded-1.9.8.Final.jar;C:\Users\shawood\.m2\repository\org\apache\kafka\connect-api\3.2.0\connect-api-3.2.0.jar;C:\Users\shawood\.m2\repository\org\apache\kafka\kafka-clients\3.2.0\kafka-clients-3.2.0.jar;C:\Users\shawood\.m2\repository\javax\ws\rs\javax.ws.rs-api\2.1.1\javax.ws.rs-api-2.1.1.jar;C:\Users\shawood\.m2\repository\org\apache\kafka\connect-runtime\3.2.0\connect-runtime-3.2.0.jar;C:\Users\shawood\.m2\repository\org\apache\kafka\connect-transforms\3.2.0\connect-transforms-3.2.0.jar;C:\Users\shawood\.m2\repository\org\apache\kafka\kafka-tools\3.2.0\kafka-tools-3.2.0.jar;C:\Users\shawood\.m2\repository\net\sourceforge\argparse4j\argparse4j\0.7.0\argparse4j-0.7.0.jar;C:\Users\shawood\.m2\repository\ch\qos\reload4j\reload4j\1.2.19\reload4j-1.2.19.jar;C:\Users\shawood\.m2\repository\org\bitbucket\b_c\jose4j\0.7.9\jose4j-0.7.9.jar;C:\Users\shawood\.m2\repository\com\fasterxml\jackson\core\jackson-annotations\2.12.6\jackson-annotations-2.12.6.jar;C:\Users\shawood\.m2\repository\com\fasterxml\jackson\jaxrs\jackson-jaxrs-json-provider\2.12.6\jackson-jaxrs-json-provider-2.12.6.jar;C:\Users\shawood\.m2\repository\com\fasterxml\jackson\jaxrs\jackson-jaxrs-base\2.12.6\jackson-jaxrs-base-2.12.6.jar;C:\Users\shawood\.m2\repository\com\fasterxml\jackson\module\jackson-module-jaxb-annotations\2.12.6\jackson-module-jaxb-annotations-2.12.6.jar;C:\Users\shawood\.m2\repository\jakarta\xml\bind\jakarta.xml.bind-api\2.3.2\jakarta.xml.bind-api-2.3.2.jar;C:\Users\shawood\.m2\repository\jakarta\activation\jakarta.activation-api\1.2.1\jakarta.activation-api-1.2.1.jar;C:\Users\shawood\.m2\repository\org\glassfish\jersey\containers\jersey-container-servlet\2.34\jersey-container-servlet-2.34.jar;C:\Users\shawood\.m2\repository\org\glassfish\jersey\containers\jersey-container-servlet-core\2.34\jersey-container-servlet-core-2.34.jar;C:\Users\shawood\.m2\repository\org\glassfish\hk2\external\jakarta.inject\2.6.1\jakarta.inject-2.6.1.jar;C:\Users\shawood\.m2\repository\jakarta\ws\rs\jakarta.ws.rs-api\2.1.6\jakarta.ws.rs-api-2.1.6.jar;C:\Users\shawood\.m2\repository\org\glassfish\jersey\inject\jersey-hk2\2.34\jersey-hk2-2.34.jar;C:\Users\shawood\.m2\repository\org\glassfish\hk2\hk2-locator\2.6.1\hk2-locator-2.6.1.jar;C:\Users\shawood\.m2\repository\org\glassfish\hk2\external\aopalliance-repackaged\2.6.1\aopalliance-repackaged-2.6.1.jar;C:\Users\shawood\.m2\repository\org\glassfish\hk2\hk2-api\2.6.1\hk2-api-2.6.1.jar;C:\Users\shawood\.m2\repository\org\glassfish\hk2\hk2-utils\2.6.1\hk2-utils-2.6.1.jar;C:\Users\shawood\.m2\repository\javax\xml\bind\jaxb-api\2.3.0\jaxb-api-2.3.0.jar;C:\Users\shawood\.m2\repository\javax\activation\activation\1.1.1\activation-1.1.1.jar;C:\Users\shawood\.m2\repository\org\eclipse\jetty\jetty-server\9.4.44.v20210927\jetty-server-9.4.44.v20210927.jar;C:\Users\shawood\.m2\repository\javax\servlet\javax.servlet-api\3.1.0\javax.servlet-api-3.1.0.jar;C:\Users\shawood\.m2\repository\org\eclipse\jetty\jetty-http\9.4.44.v20210927\jetty-http-9.4.44.v20210927.jar;C:\Users\shawood\.m2\repository\org\eclipse\jetty\jetty-io\9.4.44.v20210927\jetty-io-9.4.44.v20210927.jar;C:\Users\shawood\.m2\repository\org\eclipse\jetty\jetty-servlet\9.4.44.v20210927\jetty-servlet-9.4.44.v20210927.jar;C:\Users\shawood\.m2\repository\org\eclipse\jetty\jetty-security\9.4.44.v20210927\jetty-security-9.4.44.v20210927.jar;C:\Users\shawood\.m2\repository\org\eclipse\jetty\jetty-util-ajax\9.4.44.v20210927\jetty-util-ajax-9.4.44.v20210927.jar;C:\Users\shawood\.m2\repository\org\eclipse\jetty\jetty-servlets\9.4.44.v20210927\jetty-servlets-9.4.44.v20210927.jar;C:\Users\shawood\.m2\repository\org\eclipse\jetty\jetty-continuation\9.4.44.v20210927\jetty-continuation-9.4.44.v20210927.jar;C:\Users\shawood\.m2\repository\org\eclipse\jetty\jetty-util\9.4.44.v20210927\jetty-util-9.4.44.v20210927.jar;C:\Users\shawood\.m2\repository\org\eclipse\jetty\jetty-client\9.4.44.v20210927\jetty-client-9.4.44.v20210927.jar;C:\Users\shawood\.m2\repository\org\reflections\reflections\0.9.12\reflections-0.9.12.jar;C:\Users\shawood\.m2\repository\org\apache\maven\maven-artifact\3.8.4\maven-artifact-3.8.4.jar;C:\Users\shawood\.m2\repository\org\codehaus\plexus\plexus-utils\3.3.0\plexus-utils-3.3.0.jar;C:\Users\shawood\.m2\repository\org\apache\kafka\connect-json\3.2.0\connect-json-3.2.0.jar;C:\Users\shawood\.m2\repository\com\fasterxml\jackson\datatype\jackson-datatype-jdk8\2.12.6\jackson-datatype-jdk8-2.12.6.jar;C:\Users\shawood\.m2\repository\org\apache\kafka\connect-file\3.2.0\connect-file-3.2.0.jar;C:\Users\shawood\.m2\repository\io\debezium\debezium-connector-mysql\1.9.8.Final\debezium-connector-mysql-1.9.8.Final.jar;C:\Users\shawood\.m2\repository\io\debezium\debezium-core\1.9.8.Final\debezium-core-1.9.8.Final.jar;C:\Users\shawood\.m2\repository\com\fasterxml\jackson\core\jackson-core\2.13.2\jackson-core-2.13.2.jar;C:\Users\shawood\.m2\repository\com\fasterxml\jackson\core\jackson-databind\2.13.2.2\jackson-databind-2.13.2.2.jar;C:\Users\shawood\.m2\repository\com\fasterxml\jackson\datatype\jackson-datatype-jsr310\2.13.2\jackson-datatype-jsr310-2.13.2.jar;C:\Users\shawood\.m2\repository\com\google\guava\guava\30.1.1-jre\guava-30.1.1-jre.jar;C:\Users\shawood\.m2\repository\com\google\guava\failureaccess\1.0.1\failureaccess-1.0.1.jar;C:\Users\shawood\.m2\repository\com\google\guava\listenablefuture\9999.0-empty-to-avoid-conflict-with-guava\listenablefuture-9999.0-empty-to-avoid-conflict-with-guava.jar;C:\Users\shawood\.m2\repository\io\debezium\debezium-ddl-parser\1.9.8.Final\debezium-ddl-parser-1.9.8.Final.jar;C:\Users\shawood\.m2\repository\org\antlr\antlr4-runtime\4.8\antlr4-runtime-4.8.jar;C:\Users\shawood\.m2\repository\com\zendesk\mysql-binlog-connector-java\0.27.2\mysql-binlog-connector-java-0.27.2.jar;C:\Users\shawood\.m2\repository\com\github\luben\zstd-jni\1.5.0-2\zstd-jni-1.5.0-2.jar;C:\Users\shawood\.m2\repository\mysql\mysql-connector-java\8.0.28\mysql-connector-java-8.0.28.jar;C:\Users\shawood\.m2\repository\org\apache\flink\flink-cdc-common\3.1.1\flink-cdc-common-3.1.1.jar;C:\Users\shawood\.m2\repository\com\esri\geometry\esri-geometry-api\2.2.0\esri-geometry-api-2.2.0.jar;C:\Users\shawood\.m2\repository\com\zaxxer\HikariCP\4.0.3\HikariCP-4.0.3.jar;C:\Users\shawood\.m2\repository\org\apache\commons\commons-lang3\3.12.0\commons-lang3-3.12.0.jar;C:\Users\shawood\.m2\repository\org\apache\flink\flink-cdc-runtime\3.1.1\flink-cdc-runtime-3.1.1.jar;C:\Users\shawood\.m2\repository\org\apache\flink\flink-shaded-guava\31.1-jre-17.0\flink-shaded-guava-31.1-jre-17.0.jar;C:\Users\shawood\.m2\repository\junit\junit\3.8.1\junit-3.8.1.jar;"/>
    <property name="sun.cpu.endian" value="little"/>
    <property name="user.home" value="C:\Users\shawood"/>
    <property name="user.language" value="zh"/>
    <property name="java.specification.vendor" value="Oracle Corporation"/>
    <property name="java.version.date" value="2023-07-18"/>
    <property name="java.home" value="D:\programs\JAVA\JDK17"/>
    <property name="file.separator" value="\"/>
    <property name="basedir" value="D:\code\github\flink\mysql2hive"/>
    <property name="java.vm.compressedOopsMode" value="Zero based"/>
    <property name="line.separator" value="&#10;"/>
    <property name="java.vm.specification.vendor" value="Oracle Corporation"/>
    <property name="java.specification.name" value="Java Platform API Specification"/>
    <property name="surefire.real.class.path" value="C:\Users\shawood\AppData\Local\Temp\surefire12248326964223362974\surefirebooter-20240726173935923_3.jar"/>
    <property name="user.script" value=""/>
    <property name="sun.management.compiler" value="HotSpot 64-Bit Tiered Compilers"/>
    <property name="java.runtime.version" value="17.0.8+9-LTS-211"/>
    <property name="user.name" value="shawood"/>
    <property name="path.separator" value=";"/>
    <property name="os.version" value="10.0"/>
    <property name="java.runtime.name" value="Java(TM) SE Runtime Environment"/>
    <property name="file.encoding" value="GBK"/>
    <property name="java.vm.name" value="Java HotSpot(TM) 64-Bit Server VM"/>
    <property name="localRepository" value="C:\Users\shawood\.m2\repository"/>
    <property name="java.vendor.url.bug" value="https://bugreport.java.com/bugreport/"/>
    <property name="java.io.tmpdir" value="C:\Users\shawood\AppData\Local\Temp\"/>
    <property name="idea.version" value="2024.1.4"/>
    <property name="java.version" value="17.0.8"/>
    <property name="user.dir" value="D:\code\github\flink\mysql2hive"/>
    <property name="os.arch" value="amd64"/>
    <property name="java.vm.specification.name" value="Java Virtual Machine Specification"/>
    <property name="sun.os.patch.level" value=""/>
    <property name="native.encoding" value="GBK"/>
    <property name="java.library.path" value="D:\programs\JAVA\JDK17\bin;C:\WINDOWS\Sun\Java\bin;C:\WINDOWS\system32;C:\WINDOWS;C:\Program Files\Common Files\Oracle\Java\javapath;D:\programs\Python311\Scripts\;D:\programs\Python311\;C:\WINDOWS\system32;C:\WINDOWS;C:\WINDOWS\System32\Wbem;C:\WINDOWS\System32\WindowsPowerShell\v1.0\;C:\WINDOWS\System32\OpenSSH\;C:\Program Files (x86)\NVIDIA Corporation\PhysX\Common;C:\Program Files\NVIDIA Corporation\NVIDIA NvDLISR;D:\programs\nodejs\;D:\programs\Go\bin;D:\programs\Git\cmd;D:\programs\AWS_CLI_2\;C:\Users\shawood\AppData\Local\Microsoft\WindowsApps;D:\programs\Microsoft VS Code\bin;D:\programs\GoLand 2024.1.4\bin;;D:\programs\DataGrip 2023.2\bin;;D:\programs\PyCharm 2023.2\bin;;D:\programs\IntelliJ IDEA 2024.1.4\bin;;C:\Users\shawood\AppData\Roaming\npm;C:\Users\shawood\go\bin;."/>
    <property name="java.vm.info" value="mixed mode, sharing"/>
    <property name="java.vendor" value="Oracle Corporation"/>
    <property name="java.vm.version" value="17.0.8+9-LTS-211"/>
    <property name="sun.io.unicode.encoding" value="UnicodeLittle"/>
    <property name="java.class.version" value="61.0"/>
  </properties>
  <testcase name="testApp" classname="com.shawood.AppTest" time="0.001"/>
</testsuite>